{"name": "test_login_page", "status": "broken", "statusDetails": {"message": "selenium.common.exceptions.TimeoutException: Message: Can not find element by locator ('xpath', \"//input[@name='is_staff']\")", "trace": "request = <FixtureRequest for <Function test_login_page>>\n\n    @pytest.mark.usefixtures(*function_args)\n    def scenario_wrapper(request):\n>       _execute_scenario(feature, scenario, request)\n\n../../tms1_onl/venv/lib/python3.9/site-packages/pytest_bdd/scenario.py:165: \n_ _ _ _ _ _ _ _ _ _ _ _ _ _ _ _ _ _ _ _ _ _ _ _ _ _ _ _ _ _ _ _ _ _ _ _ _ _ _ _ _ _ _ _ _ _ _ _ _ _ _ _ _ _ _ _ _ _ _ _ _ _ _ _ _ _ _ _ _ _ _ _ _ _ _ _ _ _ _ _ _ _ _ _ _ _ _ _\n../../tms1_onl/venv/lib/python3.9/site-packages/pytest_bdd/scenario.py:136: in _execute_scenario\n    _execute_step_function(request, scenario, step, step_func)\n../../tms1_onl/venv/lib/python3.9/site-packages/pytest_bdd/scenario.py:106: in _execute_step_function\n    return_value = step_func(**kwargs)\nsteps/test_main_page_steps.py:41: in add_perm_for_user\n    admin_page.add_permission()\npages/admin_page.py:56: in add_permission\n    self.find_element(AdminPageLocators.LOCATOR_CHECKBOX_STAFF).click()\npages/base_page.py:15: in find_element\n    return WebDriverWait(self.driver, time).until(\n_ _ _ _ _ _ _ _ _ _ _ _ _ _ _ _ _ _ _ _ _ _ _ _ _ _ _ _ _ _ _ _ _ _ _ _ _ _ _ _ _ _ _ _ _ _ _ _ _ _ _ _ _ _ _ _ _ _ _ _ _ _ _ _ _ _ _ _ _ _ _ _ _ _ _ _ _ _ _ _ _ _ _ _ _ _ _ _\n\nself = <selenium.webdriver.support.wait.WebDriverWait (session=\"80c3104d31244b9d070f6ec8215e7014\")>\nmethod = <selenium.webdriver.support.expected_conditions.presence_of_element_located object at 0x10f987e80>\nmessage = 'Can not find element by locator (\\'xpath\\', \"//input[@name=\\'is_staff\\']\")'\n\n    def until(self, method, message=''):\n        \"\"\"Calls the method provided with the driver as an argument until the \\\n        return value is not False.\"\"\"\n        screen = None\n        stacktrace = None\n    \n        end_time = time.time() + self._timeout\n        while True:\n            try:\n                value = method(self._driver)\n                if value:\n                    return value\n            except self._ignored_exceptions as exc:\n                screen = getattr(exc, 'screen', None)\n                stacktrace = getattr(exc, 'stacktrace', None)\n            time.sleep(self._poll)\n            if time.time() > end_time:\n                break\n>       raise TimeoutException(message, screen, stacktrace)\nE       selenium.common.exceptions.TimeoutException: Message: Can not find element by locator ('xpath', \"//input[@name='is_staff']\")\n\n../../tms1_onl/venv/lib/python3.9/site-packages/selenium/webdriver/support/wait.py:80: TimeoutException"}, "description": "../features/admin_panel_page.feature: Test user can add new user", "start": 1632737254767, "stop": 1632737265582, "uuid": "cf98b129-dbb8-417d-a03b-54dec875869b", "historyId": "859dc3a97b9b5e617b93f35b45fe1cdf", "testCaseId": "e9af0c6a5d37f9733d288ea1d19402a8", "fullName": "scenarios.admin_page_scenarios#test_login_page", "labels": [{"name": "tag", "value": "@pytest.mark.usefixtures"}, {"name": "parentSuite", "value": "scenarios"}, {"name": "suite", "value": "admin_page_scenarios"}, {"name": "host", "value": "Natashas-MacBook-Pro.local"}, {"name": "thread", "value": "34497-MainThread"}, {"name": "framework", "value": "pytest"}, {"name": "language", "value": "cpython3"}, {"name": "package", "value": "scenarios.admin_page_scenarios"}]}